[19:48:34] [Render thread/INFO] Config loaded.
[19:48:34] [Render thread/INFO] Registered plugin provider REITooltipPlugin [appleskin] for REIPlugin
[19:48:34] [Render thread/INFO] Registered plugin provider EnchDescREI [enchdesc] for REIPlugin
[19:48:34] [Render thread/INFO] Registered plugin provider DefaultPlugin [roughlyenoughitems] for REIPlugin
[19:48:34] [Render thread/INFO] Registered plugin provider DefaultRuntimePlugin [roughlyenoughitems] for REIPlugin
[19:48:34] [Render thread/INFO] Registered plugin provider DefaultClientPlugin [roughlyenoughitems] for REIPlugin
[19:48:34] [Render thread/INFO] Registered plugin provider DefaultClientRuntimePlugin [roughlyenoughitems] for REIPlugin
[19:48:34] [Render thread/INFO] Registered plugin provider PluginEntry [roughlyenoughresources] for REIPlugin
[19:48:34] [Render thread/INFO] Registered plugin provider ReiRecipeLookup [wthit] for REIPlugin
[19:48:34] [Render thread/INFO] Registered plugin provider AE2 [ae2] for REIPlugin
[19:48:34] [Render thread/INFO] Registered plugin provider REI [ae2things] for REIPlugin
[19:48:34] [Render thread/INFO] Registered plugin provider AlloyForgeryPlugin [alloy_forgery] for REIPlugin
[19:48:34] [Render thread/INFO] Registered plugin provider REIPlugin [betterend] for REIPlugin
[19:48:34] [Render thread/INFO] Registered plugin provider BWREIPlugin [bewitchment] for REIPlugin
[19:48:34] [Render thread/INFO] Registered plugin provider TellReiStopBad [bitsandchisels] for REIPlugin
[19:48:34] [Render thread/INFO] Registered plugin provider REIChippedPlugin [chipped] for REIPlugin
[19:48:34] [Render thread/INFO] Registered plugin provider ChiselREI [chisel] for REIPlugin
[19:48:34] [Render thread/INFO] Registered plugin provider DisenchanterReiPlugin [disenchanter] for REIPlugin
[19:48:34] [Render thread/INFO] Registered plugin provider ReiPlugin [dml-refabricated-rei] for REIPlugin
[19:48:34] [Render thread/INFO] Registered plugin provider FarmersDelightModREI [farmersdelight] for REIPlugin
[19:48:34] [Render thread/INFO] Registered plugin provider REIIntegration [ftblibrary] for REIPlugin
[19:48:34] [Render thread/INFO] Registered plugin provider ReiPlugin [kjsextras] for REIPlugin
[19:48:34] [Render thread/INFO] Registered plugin provider KubeJSREIPlugin [kubejs] for REIPlugin
[19:48:34] [Render thread/INFO] Registered plugin provider ReiPlugin [magicfungi] for REIPlugin
[19:48:34] [Render thread/INFO] Registered plugin provider MIREIPlugin [modern_industrialization] for REIPlugin
[19:48:34] [Render thread/INFO] Registered plugin provider FluidFuelsPlugin [modern_industrialization] for REIPlugin
[19:48:34] [Render thread/INFO] Registered plugin provider ForgeHammerRecipePlugin [modern_industrialization] for REIPlugin
[19:48:34] [Render thread/INFO] Registered plugin provider MachinesPlugin [modern_industrialization] for REIPlugin
[19:48:34] [Render thread/INFO] Registered plugin provider NeutronInteractionPlugin [modern_industrialization] for REIPlugin
[19:48:34] [Render thread/INFO] Registered plugin provider OwoReiPlugin [owo] for REIPlugin
[19:48:34] [Render thread/INFO] Registered plugin provider REIServerIntegration [spectrum] for REIPlugin
[19:48:34] [Render thread/INFO] Registered plugin provider REIClientIntegration [spectrum] for REIPlugin
[19:48:34] [Render thread/INFO] Registered plugin provider BotaniaREIPlugin [botania] for REIPlugin
[19:48:34] [Render thread/INFO] Registered plugin provider DefaultPlugin [roughlyenoughitems] for REIServerPlugin
[19:48:34] [Render thread/INFO] Registered plugin provider DefaultRuntimePlugin [roughlyenoughitems] for REIServerPlugin
[19:48:34] [Render thread/INFO] Registered plugin provider REIServerIntegration [spectrum] for REIServerPlugin
[19:48:34] [Render thread/INFO] Registered plugin provider FabricFluidAPISupportPlugin for REIServerPlugin
[19:48:34] [Render thread/INFO] Registered plugin provider FabricFluidAPISupportPlugin for REIPlugin
[19:48:37] [Render thread/INFO] Registered plugin provider REITooltipPlugin [appleskin] for REIClientPlugin
[19:48:37] [Render thread/INFO] Registered plugin provider EnchDescREI [enchdesc] for REIClientPlugin
[19:48:37] [Render thread/INFO] Registered plugin provider DefaultClientPlugin [roughlyenoughitems] for REIClientPlugin
[19:48:37] [Render thread/INFO] Registered plugin provider DefaultClientRuntimePlugin [roughlyenoughitems] for REIClientPlugin
[19:48:37] [Render thread/INFO] Registered plugin provider PluginEntry [roughlyenoughresources] for REIClientPlugin
[19:48:37] [Render thread/INFO] Registered plugin provider ReiRecipeLookup [wthit] for REIClientPlugin
[19:48:37] [Render thread/INFO] Registered plugin provider AE2 [ae2] for REIClientPlugin
[19:48:37] [Render thread/INFO] Registered plugin provider REI [ae2things] for REIClientPlugin
[19:48:37] [Render thread/INFO] Registered plugin provider AlloyForgeryPlugin [alloy_forgery] for REIClientPlugin
[19:48:37] [Render thread/INFO] Registered plugin provider REIPlugin [betterend] for REIClientPlugin
[19:48:37] [Render thread/INFO] Registered plugin provider BWREIPlugin [bewitchment] for REIClientPlugin
[19:48:37] [Render thread/INFO] Registered plugin provider TellReiStopBad [bitsandchisels] for REIClientPlugin
[19:48:37] [Render thread/INFO] Registered plugin provider REIChippedPlugin [chipped] for REIClientPlugin
[19:48:37] [Render thread/INFO] Registered plugin provider ChiselREI [chisel] for REIClientPlugin
[19:48:37] [Render thread/INFO] Registered plugin provider DisenchanterReiPlugin [disenchanter] for REIClientPlugin
[19:48:37] [Render thread/INFO] Registered plugin provider ReiPlugin [dml-refabricated-rei] for REIClientPlugin
[19:48:37] [Render thread/INFO] Registered plugin provider FarmersDelightModREI [farmersdelight] for REIClientPlugin
[19:48:37] [Render thread/INFO] Registered plugin provider REIIntegration [ftblibrary] for REIClientPlugin
[19:48:37] [Render thread/INFO] Registered plugin provider ReiPlugin [kjsextras] for REIClientPlugin
[19:48:37] [Render thread/INFO] Registered plugin provider KubeJSREIPlugin [kubejs] for REIClientPlugin
[19:48:37] [Render thread/INFO] Registered plugin provider ReiPlugin [magicfungi] for REIClientPlugin
[19:48:37] [Render thread/INFO] Registered plugin provider MIREIPlugin [modern_industrialization] for REIClientPlugin
[19:48:37] [Render thread/INFO] Registered plugin provider FluidFuelsPlugin [modern_industrialization] for REIClientPlugin
[19:48:37] [Render thread/INFO] Registered plugin provider ForgeHammerRecipePlugin [modern_industrialization] for REIClientPlugin
[19:48:37] [Render thread/INFO] Registered plugin provider MachinesPlugin [modern_industrialization] for REIClientPlugin
[19:48:37] [Render thread/INFO] Registered plugin provider NeutronInteractionPlugin [modern_industrialization] for REIClientPlugin
[19:48:37] [Render thread/INFO] Registered plugin provider OwoReiPlugin [owo] for REIClientPlugin
[19:48:37] [Render thread/INFO] Registered plugin provider REIClientIntegration [spectrum] for REIClientPlugin
[19:48:37] [Render thread/INFO] Registered plugin provider BotaniaREIPlugin [botania] for REIClientPlugin
